
  .   ____          _            __ _ _
 /\\ / ___'_ __ _ _(_)_ __  __ _ \ \ \ \
( ( )\___ | '_ | '_| | '_ \/ _` | \ \ \ \
 \\/  ___)| |_)| | | | | || (_| |  ) ) ) )
  '  |____| .__|_| |_|_| |_\__, | / / / /
 =========|_|==============|___/=/_/_/_/
 :: Spring Boot ::                (v3.2.0)

2026-05-14T18:30:14.250+01:00  INFO 7392 --- [           main] com.nadine.books.BooksApiApplication     : Starting BooksApiApplication v0.0.1-SNAPSHOT using Java 17.0.12 with PID 7392 (C:\Users\nadin\Documents\New project\NadineBooks\books-api\target\books-api-0.0.1-SNAPSHOT.jar started by nadin in C:\Users\nadin\Documents\New project\NadineBooks\books-api)
2026-05-14T18:30:14.263+01:00  INFO 7392 --- [           main] com.nadine.books.BooksApiApplication     : No active profile set, falling back to 1 default profile: "default"
2026-05-14T18:30:15.612+01:00  INFO 7392 --- [           main] .s.d.r.c.RepositoryConfigurationDelegate : Bootstrapping Spring Data JPA repositories in DEFAULT mode.
2026-05-14T18:30:15.726+01:00  INFO 7392 --- [           main] .s.d.r.c.RepositoryConfigurationDelegate : Finished Spring Data repository scanning in 97 ms. Found 3 JPA repository interfaces.
2026-05-14T18:30:16.905+01:00  INFO 7392 --- [           main] o.s.b.w.embedded.tomcat.TomcatWebServer  : Tomcat initialized with port 8088 (http)
2026-05-14T18:30:16.933+01:00  INFO 7392 --- [           main] o.apache.catalina.core.StandardService   : Starting service [Tomcat]
2026-05-14T18:30:16.933+01:00  INFO 7392 --- [           main] o.apache.catalina.core.StandardEngine    : Starting Servlet engine: [Apache Tomcat/10.1.16]
2026-05-14T18:30:17.027+01:00  INFO 7392 --- [           main] o.a.c.c.C.[Tomcat].[localhost].[/books]  : Initializing Spring embedded WebApplicationContext
2026-05-14T18:30:17.037+01:00  INFO 7392 --- [           main] w.s.c.ServletWebServerApplicationContext : Root WebApplicationContext: initialization completed in 2594 ms
2026-05-14T18:30:17.436+01:00  INFO 7392 --- [           main] o.hibernate.jpa.internal.util.LogHelper  : HHH000204: Processing PersistenceUnitInfo [name: default]
2026-05-14T18:30:17.722+01:00  INFO 7392 --- [           main] org.hibernate.Version                    : HHH000412: Hibernate ORM core version 6.3.1.Final
2026-05-14T18:30:17.787+01:00  INFO 7392 --- [           main] o.h.c.internal.RegionFactoryInitiator    : HHH000026: Second-level cache disabled
2026-05-14T18:30:18.098+01:00  INFO 7392 --- [           main] o.s.o.j.p.SpringPersistenceUnitInfo      : No LoadTimeWeaver setup: ignoring JPA class transformer
2026-05-14T18:30:18.146+01:00  INFO 7392 --- [           main] com.zaxxer.hikari.HikariDataSource       : HikariPool-1 - Starting...
2026-05-14T18:30:18.455+01:00  INFO 7392 --- [           main] com.zaxxer.hikari.pool.HikariPool        : HikariPool-1 - Added connection com.mysql.cj.jdbc.ConnectionImpl@69e2fe3b
2026-05-14T18:30:18.455+01:00  INFO 7392 --- [           main] com.zaxxer.hikari.HikariDataSource       : HikariPool-1 - Start completed.
2026-05-14T18:30:19.548+01:00  INFO 7392 --- [           main] o.h.e.t.j.p.i.JtaPlatformInitiator       : HHH000489: No JTA platform available (set 'hibernate.transaction.jta.platform' to enable JTA platform integration)
2026-05-14T18:30:19.620+01:00  INFO 7392 --- [           main] j.LocalContainerEntityManagerFactoryBean : Initialized JPA EntityManagerFactory for persistence unit 'default'
2026-05-14T18:30:20.124+01:00  INFO 7392 --- [           main] o.s.d.j.r.query.QueryEnhancerFactory     : Hibernate is in classpath; If applicable, HQL parser will be used.
2026-05-14T18:30:21.594+01:00  WARN 7392 --- [           main] JpaBaseConfiguration$JpaWebConfiguration : spring.jpa.open-in-view is enabled by default. Therefore, database queries may be performed during view rendering. Explicitly configure spring.jpa.open-in-view to disable this warning
2026-05-14T18:30:22.959+01:00  INFO 7392 --- [           main] o.s.s.web.DefaultSecurityFilterChain     : Will secure any request with [org.springframework.security.web.session.DisableEncodeUrlFilter@4ee8ea84, org.springframework.security.web.context.request.async.WebAsyncManagerIntegrationFilter@76e5d5e5, org.springframework.security.web.context.SecurityContextHolderFilter@f7a19c4, org.springframework.security.web.header.HeaderWriterFilter@5710f755, org.springframework.web.filter.CorsFilter@1b0709e7, org.springframework.security.web.authentication.logout.LogoutFilter@5fdfa35d, com.nadine.books.security.JWTAuthorizationFilter@1e368085, org.springframework.security.web.savedrequest.RequestCacheAwareFilter@2c48eb31, org.springframework.security.web.servletapi.SecurityContextHolderAwareRequestFilter@323fa578, org.springframework.security.web.authentication.AnonymousAuthenticationFilter@1703e50d, org.springframework.security.web.session.SessionManagementFilter@685a3c14, org.springframework.security.web.access.ExceptionTranslationFilter@743167c7, org.springframework.security.web.access.intercept.AuthorizationFilter@5feceb2f]
2026-05-14T18:30:23.653+01:00  INFO 7392 --- [           main] o.s.b.w.embedded.tomcat.TomcatWebServer  : Tomcat started on port 8088 (http) with context path '/books'
2026-05-14T18:30:23.690+01:00  INFO 7392 --- [           main] com.nadine.books.BooksApiApplication     : Started BooksApiApplication in 10.272 seconds (process running for 11.139)
Hibernate: select count(*) from genre g1_0
2026-05-14T18:31:19.313+01:00  INFO 7392 --- [nio-8088-exec-1] o.a.c.c.C.[Tomcat].[localhost].[/books]  : Initializing Spring DispatcherServlet 'dispatcherServlet'
2026-05-14T18:31:19.313+01:00  INFO 7392 --- [nio-8088-exec-1] o.s.web.servlet.DispatcherServlet        : Initializing Servlet 'dispatcherServlet'
2026-05-14T18:31:19.315+01:00  INFO 7392 --- [nio-8088-exec-1] o.s.web.servlet.DispatcherServlet        : Completed initialization in 2 ms
2026-05-14T18:31:19.337+01:00  WARN 7392 --- [nio-8088-exec-1] o.s.w.s.h.HandlerMappingIntrospector     : Cache miss for REQUEST dispatch to '/books/api' (previous null). Performing MatchableHandlerMapping lookup. This is logged once only at WARN level, and every time at TRACE.
Hibernate: select b1_0.id_book,b1_0.date_creation,b1_0.genre_id_genre,b1_0.image_path,b1_0.nom_book,b1_0.prix_book from book b1_0
Hibernate: insert into book (date_creation,genre_id_genre,image_path,nom_book,prix_book) values (?,?,?,?,?)
Hibernate: select b1_0.id_book,b1_0.date_creation,g1_0.id_genre,g1_0.description_genre,g1_0.nom_genre,b1_0.image_path,b1_0.nom_book,b1_0.prix_book from book b1_0 left join genre g1_0 on g1_0.id_genre=b1_0.genre_id_genre where b1_0.id_book=?
Hibernate: select i1_0.book_id,i1_0.id_image,i1_0.image,i1_0.name,i1_0.type from image i1_0 where i1_0.book_id=?
Hibernate: update book set date_creation=?,genre_id_genre=?,image_path=?,nom_book=?,prix_book=? where id_book=?
Hibernate: select b1_0.id_book,b1_0.date_creation,g1_0.id_genre,g1_0.description_genre,g1_0.nom_genre,b1_0.image_path,b1_0.nom_book,b1_0.prix_book from book b1_0 left join genre g1_0 on g1_0.id_genre=b1_0.genre_id_genre where b1_0.id_book=?
Hibernate: select i1_0.book_id,i1_0.id_image,i1_0.image,i1_0.name,i1_0.type from image i1_0 where i1_0.book_id=?
Hibernate: select b1_0.id_book,b1_0.date_creation,b1_0.genre_id_genre,b1_0.image_path,b1_0.nom_book,b1_0.prix_book from book b1_0
Hibernate: select g1_0.id_genre,g1_0.description_genre,g1_0.nom_genre from genre g1_0 where g1_0.id_genre=?
Hibernate: select i1_0.book_id,i1_0.id_image,i1_0.image,i1_0.name,i1_0.type from image i1_0 where i1_0.book_id=?
Hibernate: select b1_0.id_book,b1_0.date_creation,g1_0.id_genre,g1_0.description_genre,g1_0.nom_genre,b1_0.image_path,b1_0.nom_book,b1_0.prix_book from book b1_0 left join genre g1_0 on g1_0.id_genre=b1_0.genre_id_genre where b1_0.id_book=?
Hibernate: select i1_0.book_id,i1_0.id_image,i1_0.image,i1_0.name,i1_0.type from image i1_0 where i1_0.book_id=?
Hibernate: select b1_0.id_book,b1_0.date_creation,g1_0.id_genre,g1_0.description_genre,g1_0.nom_genre,b1_0.image_path,b1_0.nom_book,b1_0.prix_book from book b1_0 left join genre g1_0 on g1_0.id_genre=b1_0.genre_id_genre where b1_0.id_book=?
Hibernate: select i1_0.book_id,i1_0.id_image,i1_0.image,i1_0.name,i1_0.type from image i1_0 where i1_0.book_id=?
Hibernate: select g1_0.id_genre,g1_0.description_genre,g1_0.nom_genre from genre g1_0 where g1_0.id_genre=?
Hibernate: update book set date_creation=?,genre_id_genre=?,image_path=?,nom_book=?,prix_book=? where id_book=?
Hibernate: select b1_0.id_book,b1_0.date_creation,b1_0.genre_id_genre,b1_0.image_path,b1_0.nom_book,b1_0.prix_book from book b1_0 where b1_0.genre_id_genre=?
Hibernate: select g1_0.id_genre,g1_0.description_genre,g1_0.nom_genre from genre g1_0 where g1_0.id_genre=?
Hibernate: select i1_0.book_id,i1_0.id_image,i1_0.image,i1_0.name,i1_0.type from image i1_0 where i1_0.book_id=?
Hibernate: select b1_0.id_book,b1_0.date_creation,b1_0.genre_id_genre,b1_0.image_path,b1_0.nom_book,b1_0.prix_book from book b1_0 where b1_0.nom_book like ? escape '\\'
Hibernate: select g1_0.id_genre,g1_0.description_genre,g1_0.nom_genre from genre g1_0 where g1_0.id_genre=?
Hibernate: select i1_0.book_id,i1_0.id_image,i1_0.image,i1_0.name,i1_0.type from image i1_0 where i1_0.book_id=?
Hibernate: select b1_0.id_book,b1_0.date_creation,g1_0.id_genre,g1_0.description_genre,g1_0.nom_genre,b1_0.image_path,b1_0.nom_book,b1_0.prix_book from book b1_0 left join genre g1_0 on g1_0.id_genre=b1_0.genre_id_genre where b1_0.id_book=?
Hibernate: select i1_0.book_id,i1_0.id_image,i1_0.image,i1_0.name,i1_0.type from image i1_0 where i1_0.book_id=?
Hibernate: delete from book where id_book=?
Hibernate: select b1_0.id_book,b1_0.date_creation,b1_0.genre_id_genre,b1_0.image_path,b1_0.nom_book,b1_0.prix_book from book b1_0
