
  .   ____          _            __ _ _
 /\\ / ___'_ __ _ _(_)_ __  __ _ \ \ \ \
( ( )\___ | '_ | '_| | '_ \/ _` | \ \ \ \
 \\/  ___)| |_)| | | | | || (_| |  ) ) ) )
  '  |____| .__|_| |_|_| |_\__, | / / / /
 =========|_|==============|___/=/_/_/_/
 :: Spring Boot ::                (v3.2.0)

2026-05-15T05:14:57.853+01:00  INFO 11936 --- [           main] com.nadine.books.BooksApiApplication     : Starting BooksApiApplication v0.0.1-SNAPSHOT using Java 17.0.12 with PID 11936 (C:\Users\nadin\Documents\New project\NadineBooks\books-api\target\books-api-0.0.1-SNAPSHOT.jar started by nadin in C:\Users\nadin\Documents\New project\NadineBooks\books-api)
2026-05-15T05:14:57.871+01:00  INFO 11936 --- [           main] com.nadine.books.BooksApiApplication     : No active profile set, falling back to 1 default profile: "default"
2026-05-15T05:15:02.414+01:00  INFO 11936 --- [           main] .s.d.r.c.RepositoryConfigurationDelegate : Bootstrapping Spring Data JPA repositories in DEFAULT mode.
2026-05-15T05:15:02.761+01:00  INFO 11936 --- [           main] .s.d.r.c.RepositoryConfigurationDelegate : Finished Spring Data repository scanning in 287 ms. Found 3 JPA repository interfaces.
2026-05-15T05:15:07.109+01:00  INFO 11936 --- [           main] o.s.b.w.embedded.tomcat.TomcatWebServer  : Tomcat initialized with port 8088 (http)
2026-05-15T05:15:07.156+01:00  INFO 11936 --- [           main] o.apache.catalina.core.StandardService   : Starting service [Tomcat]
2026-05-15T05:15:07.158+01:00  INFO 11936 --- [           main] o.apache.catalina.core.StandardEngine    : Starting Servlet engine: [Apache Tomcat/10.1.16]
2026-05-15T05:15:07.657+01:00  INFO 11936 --- [           main] o.a.c.c.C.[Tomcat].[localhost].[/books]  : Initializing Spring embedded WebApplicationContext
2026-05-15T05:15:07.682+01:00  INFO 11936 --- [           main] w.s.c.ServletWebServerApplicationContext : Root WebApplicationContext: initialization completed in 9521 ms
2026-05-15T05:15:09.062+01:00  INFO 11936 --- [           main] o.hibernate.jpa.internal.util.LogHelper  : HHH000204: Processing PersistenceUnitInfo [name: default]
2026-05-15T05:15:09.597+01:00  INFO 11936 --- [           main] org.hibernate.Version                    : HHH000412: Hibernate ORM core version 6.3.1.Final
2026-05-15T05:15:09.730+01:00  INFO 11936 --- [           main] o.h.c.internal.RegionFactoryInitiator    : HHH000026: Second-level cache disabled
2026-05-15T05:15:10.682+01:00  INFO 11936 --- [           main] o.s.o.j.p.SpringPersistenceUnitInfo      : No LoadTimeWeaver setup: ignoring JPA class transformer
2026-05-15T05:15:10.766+01:00  INFO 11936 --- [           main] com.zaxxer.hikari.HikariDataSource       : HikariPool-1 - Starting...
2026-05-15T05:15:11.535+01:00  INFO 11936 --- [           main] com.zaxxer.hikari.pool.HikariPool        : HikariPool-1 - Added connection com.mysql.cj.jdbc.ConnectionImpl@701d2b59
2026-05-15T05:15:11.549+01:00  INFO 11936 --- [           main] com.zaxxer.hikari.HikariDataSource       : HikariPool-1 - Start completed.
2026-05-15T05:15:15.637+01:00  INFO 11936 --- [           main] o.h.e.t.j.p.i.JtaPlatformInitiator       : HHH000489: No JTA platform available (set 'hibernate.transaction.jta.platform' to enable JTA platform integration)
2026-05-15T05:15:15.959+01:00  INFO 11936 --- [           main] j.LocalContainerEntityManagerFactoryBean : Initialized JPA EntityManagerFactory for persistence unit 'default'
2026-05-15T05:15:19.728+01:00  INFO 11936 --- [           main] o.s.d.j.r.query.QueryEnhancerFactory     : Hibernate is in classpath; If applicable, HQL parser will be used.
2026-05-15T05:15:35.546+01:00  WARN 11936 --- [           main] JpaBaseConfiguration$JpaWebConfiguration : spring.jpa.open-in-view is enabled by default. Therefore, database queries may be performed during view rendering. Explicitly configure spring.jpa.open-in-view to disable this warning
2026-05-15T05:15:38.098+01:00  INFO 11936 --- [           main] o.s.s.web.DefaultSecurityFilterChain     : Will secure any request with [org.springframework.security.web.session.DisableEncodeUrlFilter@55a8f92d, org.springframework.security.web.context.request.async.WebAsyncManagerIntegrationFilter@78b3f926, org.springframework.security.web.context.SecurityContextHolderFilter@ab5c335, org.springframework.security.web.header.HeaderWriterFilter@502a9b30, org.springframework.web.filter.CorsFilter@1ec690bd, org.springframework.security.web.authentication.logout.LogoutFilter@3f60ba06, com.nadine.books.security.JWTAuthorizationFilter@6e4d660, org.springframework.security.web.savedrequest.RequestCacheAwareFilter@2ef89e43, org.springframework.security.web.servletapi.SecurityContextHolderAwareRequestFilter@7bd76b79, org.springframework.security.web.authentication.AnonymousAuthenticationFilter@14972600, org.springframework.security.web.session.SessionManagementFilter@4723445c, org.springframework.security.web.access.ExceptionTranslationFilter@368617cd, org.springframework.security.web.access.intercept.AuthorizationFilter@18d6ac02]
2026-05-15T05:15:39.333+01:00  INFO 11936 --- [           main] o.s.b.w.embedded.tomcat.TomcatWebServer  : Tomcat started on port 8088 (http) with context path '/books'
2026-05-15T05:15:39.361+01:00  INFO 11936 --- [           main] com.nadine.books.BooksApiApplication     : Started BooksApiApplication in 43.692 seconds (process running for 45.952)
Hibernate: select count(*) from genre g1_0
2026-05-15T05:16:04.832+01:00  INFO 11936 --- [nio-8088-exec-3] o.a.c.c.C.[Tomcat].[localhost].[/books]  : Initializing Spring DispatcherServlet 'dispatcherServlet'
2026-05-15T05:16:04.874+01:00  INFO 11936 --- [nio-8088-exec-3] o.s.web.servlet.DispatcherServlet        : Initializing Servlet 'dispatcherServlet'
2026-05-15T05:16:04.878+01:00  INFO 11936 --- [nio-8088-exec-3] o.s.web.servlet.DispatcherServlet        : Completed initialization in 3 ms
2026-05-15T05:16:05.067+01:00  WARN 11936 --- [nio-8088-exec-3] o.s.w.s.h.HandlerMappingIntrospector     : Cache miss for REQUEST dispatch to '/books/api' (previous null). Performing MatchableHandlerMapping lookup. This is logged once only at WARN level, and every time at TRACE.
Hibernate: select b1_0.id_book,b1_0.date_creation,b1_0.genre_id_genre,b1_0.image_path,b1_0.nom_book,b1_0.prix_book from book b1_0
Hibernate: select g1_0.id_genre,g1_0.description_genre,g1_0.nom_genre from genre g1_0 where g1_0.id_genre=?
Hibernate: select g1_0.id_genre,g1_0.description_genre,g1_0.nom_genre from genre g1_0 where g1_0.id_genre=?
Hibernate: select i1_0.book_id,i1_0.id_image,i1_0.image,i1_0.name,i1_0.type from image i1_0 where i1_0.book_id=?
Hibernate: select i1_0.book_id,i1_0.id_image,i1_0.image,i1_0.name,i1_0.type from image i1_0 where i1_0.book_id=?
Hibernate: select i1_0.book_id,i1_0.id_image,i1_0.image,i1_0.name,i1_0.type from image i1_0 where i1_0.book_id=?
Hibernate: select i1_0.book_id,i1_0.id_image,i1_0.image,i1_0.name,i1_0.type from image i1_0 where i1_0.book_id=?
Hibernate: select i1_0.book_id,i1_0.id_image,i1_0.image,i1_0.name,i1_0.type from image i1_0 where i1_0.book_id=?
Hibernate: select i1_0.book_id,i1_0.id_image,i1_0.image,i1_0.name,i1_0.type from image i1_0 where i1_0.book_id=?
Hibernate: select b1_0.id_book,b1_0.date_creation,b1_0.genre_id_genre,b1_0.image_path,b1_0.nom_book,b1_0.prix_book from book b1_0
Hibernate: select g1_0.id_genre,g1_0.description_genre,g1_0.nom_genre from genre g1_0 where g1_0.id_genre=?
Hibernate: select g1_0.id_genre,g1_0.description_genre,g1_0.nom_genre from genre g1_0 where g1_0.id_genre=?
Hibernate: select i1_0.book_id,i1_0.id_image,i1_0.image,i1_0.name,i1_0.type from image i1_0 where i1_0.book_id=?
Hibernate: select i1_0.book_id,i1_0.id_image,i1_0.image,i1_0.name,i1_0.type from image i1_0 where i1_0.book_id=?
Hibernate: select i1_0.book_id,i1_0.id_image,i1_0.image,i1_0.name,i1_0.type from image i1_0 where i1_0.book_id=?
Hibernate: select i1_0.book_id,i1_0.id_image,i1_0.image,i1_0.name,i1_0.type from image i1_0 where i1_0.book_id=?
Hibernate: select i1_0.book_id,i1_0.id_image,i1_0.image,i1_0.name,i1_0.type from image i1_0 where i1_0.book_id=?
Hibernate: select i1_0.book_id,i1_0.id_image,i1_0.image,i1_0.name,i1_0.type from image i1_0 where i1_0.book_id=?
Hibernate: select g1_0.id_genre,g1_0.description_genre,g1_0.nom_genre from genre g1_0
Hibernate: select b1_0.id_book,b1_0.date_creation,b1_0.genre_id_genre,b1_0.image_path,b1_0.nom_book,b1_0.prix_book from book b1_0
Hibernate: select g1_0.id_genre,g1_0.description_genre,g1_0.nom_genre from genre g1_0 where g1_0.id_genre=?
Hibernate: select g1_0.id_genre,g1_0.description_genre,g1_0.nom_genre from genre g1_0 where g1_0.id_genre=?
Hibernate: select i1_0.book_id,i1_0.id_image,i1_0.image,i1_0.name,i1_0.type from image i1_0 where i1_0.book_id=?
Hibernate: select i1_0.book_id,i1_0.id_image,i1_0.image,i1_0.name,i1_0.type from image i1_0 where i1_0.book_id=?
Hibernate: select i1_0.book_id,i1_0.id_image,i1_0.image,i1_0.name,i1_0.type from image i1_0 where i1_0.book_id=?
Hibernate: select i1_0.book_id,i1_0.id_image,i1_0.image,i1_0.name,i1_0.type from image i1_0 where i1_0.book_id=?
Hibernate: select i1_0.book_id,i1_0.id_image,i1_0.image,i1_0.name,i1_0.type from image i1_0 where i1_0.book_id=?
Hibernate: select i1_0.book_id,i1_0.id_image,i1_0.image,i1_0.name,i1_0.type from image i1_0 where i1_0.book_id=?
Hibernate: select b1_0.id_book,b1_0.date_creation,g1_0.id_genre,g1_0.description_genre,g1_0.nom_genre,b1_0.image_path,b1_0.nom_book,b1_0.prix_book from book b1_0 left join genre g1_0 on g1_0.id_genre=b1_0.genre_id_genre where b1_0.id_book=?
Hibernate: select i1_0.book_id,i1_0.id_image,i1_0.image,i1_0.name,i1_0.type from image i1_0 where i1_0.book_id=?
Hibernate: select g1_0.id_genre,g1_0.description_genre,g1_0.nom_genre from genre g1_0
Hibernate: select b1_0.id_book,b1_0.date_creation,b1_0.genre_id_genre,b1_0.image_path,b1_0.nom_book,b1_0.prix_book from book b1_0 where b1_0.genre_id_genre=?
Hibernate: select g1_0.id_genre,g1_0.description_genre,g1_0.nom_genre from genre g1_0 where g1_0.id_genre=?
Hibernate: select i1_0.book_id,i1_0.id_image,i1_0.image,i1_0.name,i1_0.type from image i1_0 where i1_0.book_id=?
Hibernate: select i1_0.book_id,i1_0.id_image,i1_0.image,i1_0.name,i1_0.type from image i1_0 where i1_0.book_id=?
Hibernate: select i1_0.book_id,i1_0.id_image,i1_0.image,i1_0.name,i1_0.type from image i1_0 where i1_0.book_id=?
Hibernate: select i1_0.book_id,i1_0.id_image,i1_0.image,i1_0.name,i1_0.type from image i1_0 where i1_0.book_id=?
Hibernate: select b1_0.id_book,b1_0.date_creation,b1_0.genre_id_genre,b1_0.image_path,b1_0.nom_book,b1_0.prix_book from book b1_0 where b1_0.genre_id_genre=?
Hibernate: select g1_0.id_genre,g1_0.description_genre,g1_0.nom_genre from genre g1_0 where g1_0.id_genre=?
Hibernate: select i1_0.book_id,i1_0.id_image,i1_0.image,i1_0.name,i1_0.type from image i1_0 where i1_0.book_id=?
Hibernate: select i1_0.book_id,i1_0.id_image,i1_0.image,i1_0.name,i1_0.type from image i1_0 where i1_0.book_id=?
Hibernate: select b1_0.id_book,b1_0.date_creation,b1_0.genre_id_genre,b1_0.image_path,b1_0.nom_book,b1_0.prix_book from book b1_0 where b1_0.genre_id_genre=?
Hibernate: select g1_0.id_genre,g1_0.description_genre,g1_0.nom_genre from genre g1_0 where g1_0.id_genre=?
Hibernate: select i1_0.book_id,i1_0.id_image,i1_0.image,i1_0.name,i1_0.type from image i1_0 where i1_0.book_id=?
Hibernate: select i1_0.book_id,i1_0.id_image,i1_0.image,i1_0.name,i1_0.type from image i1_0 where i1_0.book_id=?
Hibernate: select i1_0.book_id,i1_0.id_image,i1_0.image,i1_0.name,i1_0.type from image i1_0 where i1_0.book_id=?
Hibernate: select i1_0.book_id,i1_0.id_image,i1_0.image,i1_0.name,i1_0.type from image i1_0 where i1_0.book_id=?
Hibernate: select b1_0.id_book,b1_0.date_creation,b1_0.genre_id_genre,b1_0.image_path,b1_0.nom_book,b1_0.prix_book from book b1_0
Hibernate: select g1_0.id_genre,g1_0.description_genre,g1_0.nom_genre from genre g1_0 where g1_0.id_genre=?
Hibernate: select g1_0.id_genre,g1_0.description_genre,g1_0.nom_genre from genre g1_0 where g1_0.id_genre=?
Hibernate: select i1_0.book_id,i1_0.id_image,i1_0.image,i1_0.name,i1_0.type from image i1_0 where i1_0.book_id=?
Hibernate: select i1_0.book_id,i1_0.id_image,i1_0.image,i1_0.name,i1_0.type from image i1_0 where i1_0.book_id=?
Hibernate: select i1_0.book_id,i1_0.id_image,i1_0.image,i1_0.name,i1_0.type from image i1_0 where i1_0.book_id=?
Hibernate: select i1_0.book_id,i1_0.id_image,i1_0.image,i1_0.name,i1_0.type from image i1_0 where i1_0.book_id=?
Hibernate: select i1_0.book_id,i1_0.id_image,i1_0.image,i1_0.name,i1_0.type from image i1_0 where i1_0.book_id=?
Hibernate: select i1_0.book_id,i1_0.id_image,i1_0.image,i1_0.name,i1_0.type from image i1_0 where i1_0.book_id=?
Hibernate: select b1_0.id_book,b1_0.date_creation,b1_0.genre_id_genre,b1_0.image_path,b1_0.nom_book,b1_0.prix_book from book b1_0 where b1_0.nom_book like ? escape '\\'
Hibernate: select g1_0.id_genre,g1_0.description_genre,g1_0.nom_genre from genre g1_0 where g1_0.id_genre=?
Hibernate: select i1_0.book_id,i1_0.id_image,i1_0.image,i1_0.name,i1_0.type from image i1_0 where i1_0.book_id=?
Hibernate: select b1_0.id_book,b1_0.date_creation,b1_0.genre_id_genre,b1_0.image_path,b1_0.nom_book,b1_0.prix_book from book b1_0
Hibernate: select g1_0.id_genre,g1_0.description_genre,g1_0.nom_genre from genre g1_0 where g1_0.id_genre=?
Hibernate: select g1_0.id_genre,g1_0.description_genre,g1_0.nom_genre from genre g1_0 where g1_0.id_genre=?
Hibernate: select i1_0.book_id,i1_0.id_image,i1_0.image,i1_0.name,i1_0.type from image i1_0 where i1_0.book_id=?
Hibernate: select i1_0.book_id,i1_0.id_image,i1_0.image,i1_0.name,i1_0.type from image i1_0 where i1_0.book_id=?
Hibernate: select i1_0.book_id,i1_0.id_image,i1_0.image,i1_0.name,i1_0.type from image i1_0 where i1_0.book_id=?
Hibernate: select i1_0.book_id,i1_0.id_image,i1_0.image,i1_0.name,i1_0.type from image i1_0 where i1_0.book_id=?
Hibernate: select i1_0.book_id,i1_0.id_image,i1_0.image,i1_0.name,i1_0.type from image i1_0 where i1_0.book_id=?
Hibernate: select i1_0.book_id,i1_0.id_image,i1_0.image,i1_0.name,i1_0.type from image i1_0 where i1_0.book_id=?
Hibernate: select b1_0.id_book,b1_0.date_creation,g1_0.id_genre,g1_0.description_genre,g1_0.nom_genre,b1_0.image_path,b1_0.nom_book,b1_0.prix_book from book b1_0 left join genre g1_0 on g1_0.id_genre=b1_0.genre_id_genre where b1_0.id_book=?
Hibernate: select i1_0.book_id,i1_0.id_image,i1_0.image,i1_0.name,i1_0.type from image i1_0 where i1_0.book_id=?
Hibernate: select b1_0.id_book,b1_0.date_creation,b1_0.genre_id_genre,b1_0.image_path,b1_0.nom_book,b1_0.prix_book from book b1_0
Hibernate: select g1_0.id_genre,g1_0.description_genre,g1_0.nom_genre from genre g1_0 where g1_0.id_genre=?
Hibernate: select g1_0.id_genre,g1_0.description_genre,g1_0.nom_genre from genre g1_0 where g1_0.id_genre=?
Hibernate: select i1_0.book_id,i1_0.id_image,i1_0.image,i1_0.name,i1_0.type from image i1_0 where i1_0.book_id=?
Hibernate: select i1_0.book_id,i1_0.id_image,i1_0.image,i1_0.name,i1_0.type from image i1_0 where i1_0.book_id=?
Hibernate: select i1_0.book_id,i1_0.id_image,i1_0.image,i1_0.name,i1_0.type from image i1_0 where i1_0.book_id=?
Hibernate: select i1_0.book_id,i1_0.id_image,i1_0.image,i1_0.name,i1_0.type from image i1_0 where i1_0.book_id=?
Hibernate: select i1_0.book_id,i1_0.id_image,i1_0.image,i1_0.name,i1_0.type from image i1_0 where i1_0.book_id=?
Hibernate: select i1_0.book_id,i1_0.id_image,i1_0.image,i1_0.name,i1_0.type from image i1_0 where i1_0.book_id=?
Hibernate: select b1_0.id_book,b1_0.date_creation,b1_0.genre_id_genre,b1_0.image_path,b1_0.nom_book,b1_0.prix_book from book b1_0
Hibernate: select g1_0.id_genre,g1_0.description_genre,g1_0.nom_genre from genre g1_0 where g1_0.id_genre=?
Hibernate: select g1_0.id_genre,g1_0.description_genre,g1_0.nom_genre from genre g1_0 where g1_0.id_genre=?
Hibernate: select i1_0.book_id,i1_0.id_image,i1_0.image,i1_0.name,i1_0.type from image i1_0 where i1_0.book_id=?
Hibernate: select i1_0.book_id,i1_0.id_image,i1_0.image,i1_0.name,i1_0.type from image i1_0 where i1_0.book_id=?
Hibernate: select i1_0.book_id,i1_0.id_image,i1_0.image,i1_0.name,i1_0.type from image i1_0 where i1_0.book_id=?
Hibernate: select i1_0.book_id,i1_0.id_image,i1_0.image,i1_0.name,i1_0.type from image i1_0 where i1_0.book_id=?
Hibernate: select i1_0.book_id,i1_0.id_image,i1_0.image,i1_0.name,i1_0.type from image i1_0 where i1_0.book_id=?
Hibernate: select i1_0.book_id,i1_0.id_image,i1_0.image,i1_0.name,i1_0.type from image i1_0 where i1_0.book_id=?
Hibernate: select b1_0.id_book,b1_0.date_creation,g1_0.id_genre,g1_0.description_genre,g1_0.nom_genre,b1_0.image_path,b1_0.nom_book,b1_0.prix_book from book b1_0 left join genre g1_0 on g1_0.id_genre=b1_0.genre_id_genre where b1_0.id_book=?
Hibernate: select i1_0.book_id,i1_0.id_image,i1_0.image,i1_0.name,i1_0.type from image i1_0 where i1_0.book_id=?
Hibernate: select b1_0.id_book,b1_0.date_creation,b1_0.genre_id_genre,b1_0.image_path,b1_0.nom_book,b1_0.prix_book from book b1_0
Hibernate: select g1_0.id_genre,g1_0.description_genre,g1_0.nom_genre from genre g1_0 where g1_0.id_genre=?
Hibernate: select g1_0.id_genre,g1_0.description_genre,g1_0.nom_genre from genre g1_0 where g1_0.id_genre=?
Hibernate: select i1_0.book_id,i1_0.id_image,i1_0.image,i1_0.name,i1_0.type from image i1_0 where i1_0.book_id=?
Hibernate: select i1_0.book_id,i1_0.id_image,i1_0.image,i1_0.name,i1_0.type from image i1_0 where i1_0.book_id=?
Hibernate: select i1_0.book_id,i1_0.id_image,i1_0.image,i1_0.name,i1_0.type from image i1_0 where i1_0.book_id=?
Hibernate: select i1_0.book_id,i1_0.id_image,i1_0.image,i1_0.name,i1_0.type from image i1_0 where i1_0.book_id=?
Hibernate: select i1_0.book_id,i1_0.id_image,i1_0.image,i1_0.name,i1_0.type from image i1_0 where i1_0.book_id=?
Hibernate: select i1_0.book_id,i1_0.id_image,i1_0.image,i1_0.name,i1_0.type from image i1_0 where i1_0.book_id=?
Hibernate: select b1_0.id_book,b1_0.date_creation,b1_0.genre_id_genre,b1_0.image_path,b1_0.nom_book,b1_0.prix_book from book b1_0
Hibernate: select g1_0.id_genre,g1_0.description_genre,g1_0.nom_genre from genre g1_0 where g1_0.id_genre=?
Hibernate: select g1_0.id_genre,g1_0.description_genre,g1_0.nom_genre from genre g1_0 where g1_0.id_genre=?
Hibernate: select i1_0.book_id,i1_0.id_image,i1_0.image,i1_0.name,i1_0.type from image i1_0 where i1_0.book_id=?
Hibernate: select i1_0.book_id,i1_0.id_image,i1_0.image,i1_0.name,i1_0.type from image i1_0 where i1_0.book_id=?
Hibernate: select i1_0.book_id,i1_0.id_image,i1_0.image,i1_0.name,i1_0.type from image i1_0 where i1_0.book_id=?
Hibernate: select i1_0.book_id,i1_0.id_image,i1_0.image,i1_0.name,i1_0.type from image i1_0 where i1_0.book_id=?
Hibernate: select i1_0.book_id,i1_0.id_image,i1_0.image,i1_0.name,i1_0.type from image i1_0 where i1_0.book_id=?
Hibernate: select i1_0.book_id,i1_0.id_image,i1_0.image,i1_0.name,i1_0.type from image i1_0 where i1_0.book_id=?
Hibernate: select b1_0.id_book,b1_0.date_creation,b1_0.genre_id_genre,b1_0.image_path,b1_0.nom_book,b1_0.prix_book from book b1_0
Hibernate: select g1_0.id_genre,g1_0.description_genre,g1_0.nom_genre from genre g1_0 where g1_0.id_genre=?
Hibernate: select g1_0.id_genre,g1_0.description_genre,g1_0.nom_genre from genre g1_0 where g1_0.id_genre=?
Hibernate: select i1_0.book_id,i1_0.id_image,i1_0.image,i1_0.name,i1_0.type from image i1_0 where i1_0.book_id=?
Hibernate: select i1_0.book_id,i1_0.id_image,i1_0.image,i1_0.name,i1_0.type from image i1_0 where i1_0.book_id=?
Hibernate: select i1_0.book_id,i1_0.id_image,i1_0.image,i1_0.name,i1_0.type from image i1_0 where i1_0.book_id=?
Hibernate: select i1_0.book_id,i1_0.id_image,i1_0.image,i1_0.name,i1_0.type from image i1_0 where i1_0.book_id=?
Hibernate: select i1_0.book_id,i1_0.id_image,i1_0.image,i1_0.name,i1_0.type from image i1_0 where i1_0.book_id=?
Hibernate: select i1_0.book_id,i1_0.id_image,i1_0.image,i1_0.name,i1_0.type from image i1_0 where i1_0.book_id=?
Hibernate: select b1_0.id_book,b1_0.date_creation,b1_0.genre_id_genre,b1_0.image_path,b1_0.nom_book,b1_0.prix_book from book b1_0
Hibernate: select g1_0.id_genre,g1_0.description_genre,g1_0.nom_genre from genre g1_0 where g1_0.id_genre=?
Hibernate: select g1_0.id_genre,g1_0.description_genre,g1_0.nom_genre from genre g1_0 where g1_0.id_genre=?
Hibernate: select i1_0.book_id,i1_0.id_image,i1_0.image,i1_0.name,i1_0.type from image i1_0 where i1_0.book_id=?
Hibernate: select i1_0.book_id,i1_0.id_image,i1_0.image,i1_0.name,i1_0.type from image i1_0 where i1_0.book_id=?
Hibernate: select i1_0.book_id,i1_0.id_image,i1_0.image,i1_0.name,i1_0.type from image i1_0 where i1_0.book_id=?
Hibernate: select i1_0.book_id,i1_0.id_image,i1_0.image,i1_0.name,i1_0.type from image i1_0 where i1_0.book_id=?
Hibernate: select i1_0.book_id,i1_0.id_image,i1_0.image,i1_0.name,i1_0.type from image i1_0 where i1_0.book_id=?
Hibernate: select i1_0.book_id,i1_0.id_image,i1_0.image,i1_0.name,i1_0.type from image i1_0 where i1_0.book_id=?
Hibernate: select b1_0.id_book,b1_0.date_creation,g1_0.id_genre,g1_0.description_genre,g1_0.nom_genre,b1_0.image_path,b1_0.nom_book,b1_0.prix_book from book b1_0 left join genre g1_0 on g1_0.id_genre=b1_0.genre_id_genre where b1_0.id_book=?
Hibernate: select i1_0.book_id,i1_0.id_image,i1_0.image,i1_0.name,i1_0.type from image i1_0 where i1_0.book_id=?
2026-05-15T07:22:32.419+01:00  WARN 11936 --- [l-1 housekeeper] com.zaxxer.hikari.pool.HikariPool        : HikariPool-1 - Thread starvation or clock leap detected (housekeeper delta=1h43m29s576ms697盜300ns).
Hibernate: select b1_0.id_book,b1_0.date_creation,b1_0.genre_id_genre,b1_0.image_path,b1_0.nom_book,b1_0.prix_book from book b1_0
Hibernate: select g1_0.id_genre,g1_0.description_genre,g1_0.nom_genre from genre g1_0 where g1_0.id_genre=?
Hibernate: select g1_0.id_genre,g1_0.description_genre,g1_0.nom_genre from genre g1_0 where g1_0.id_genre=?
Hibernate: select i1_0.book_id,i1_0.id_image,i1_0.image,i1_0.name,i1_0.type from image i1_0 where i1_0.book_id=?
Hibernate: select i1_0.book_id,i1_0.id_image,i1_0.image,i1_0.name,i1_0.type from image i1_0 where i1_0.book_id=?
Hibernate: select i1_0.book_id,i1_0.id_image,i1_0.image,i1_0.name,i1_0.type from image i1_0 where i1_0.book_id=?
Hibernate: select i1_0.book_id,i1_0.id_image,i1_0.image,i1_0.name,i1_0.type from image i1_0 where i1_0.book_id=?
Hibernate: select i1_0.book_id,i1_0.id_image,i1_0.image,i1_0.name,i1_0.type from image i1_0 where i1_0.book_id=?
Hibernate: select i1_0.book_id,i1_0.id_image,i1_0.image,i1_0.name,i1_0.type from image i1_0 where i1_0.book_id=?
Hibernate: select b1_0.id_book,b1_0.date_creation,g1_0.id_genre,g1_0.description_genre,g1_0.nom_genre,b1_0.image_path,b1_0.nom_book,b1_0.prix_book from book b1_0 left join genre g1_0 on g1_0.id_genre=b1_0.genre_id_genre where b1_0.id_book=?
Hibernate: select i1_0.book_id,i1_0.id_image,i1_0.image,i1_0.name,i1_0.type from image i1_0 where i1_0.book_id=?
2026-05-15T08:44:39.788+01:00  WARN 11936 --- [l-1 housekeeper] com.zaxxer.hikari.pool.HikariPool        : HikariPool-1 - Thread starvation or clock leap detected (housekeeper delta=1h15m32s185ms538盜500ns).
Hibernate: select b1_0.id_book,b1_0.date_creation,b1_0.genre_id_genre,b1_0.image_path,b1_0.nom_book,b1_0.prix_book from book b1_0
Hibernate: select g1_0.id_genre,g1_0.description_genre,g1_0.nom_genre from genre g1_0 where g1_0.id_genre=?
Hibernate: select g1_0.id_genre,g1_0.description_genre,g1_0.nom_genre from genre g1_0 where g1_0.id_genre=?
Hibernate: select i1_0.book_id,i1_0.id_image,i1_0.image,i1_0.name,i1_0.type from image i1_0 where i1_0.book_id=?
Hibernate: select i1_0.book_id,i1_0.id_image,i1_0.image,i1_0.name,i1_0.type from image i1_0 where i1_0.book_id=?
Hibernate: select i1_0.book_id,i1_0.id_image,i1_0.image,i1_0.name,i1_0.type from image i1_0 where i1_0.book_id=?
Hibernate: select i1_0.book_id,i1_0.id_image,i1_0.image,i1_0.name,i1_0.type from image i1_0 where i1_0.book_id=?
Hibernate: select i1_0.book_id,i1_0.id_image,i1_0.image,i1_0.name,i1_0.type from image i1_0 where i1_0.book_id=?
Hibernate: select i1_0.book_id,i1_0.id_image,i1_0.image,i1_0.name,i1_0.type from image i1_0 where i1_0.book_id=?
Hibernate: select b1_0.id_book,b1_0.date_creation,g1_0.id_genre,g1_0.description_genre,g1_0.nom_genre,b1_0.image_path,b1_0.nom_book,b1_0.prix_book from book b1_0 left join genre g1_0 on g1_0.id_genre=b1_0.genre_id_genre where b1_0.id_book=?
Hibernate: select i1_0.book_id,i1_0.id_image,i1_0.image,i1_0.name,i1_0.type from image i1_0 where i1_0.book_id=?
Hibernate: select b1_0.id_book,b1_0.date_creation,b1_0.genre_id_genre,b1_0.image_path,b1_0.nom_book,b1_0.prix_book from book b1_0
Hibernate: select g1_0.id_genre,g1_0.description_genre,g1_0.nom_genre from genre g1_0 where g1_0.id_genre=?
Hibernate: select g1_0.id_genre,g1_0.description_genre,g1_0.nom_genre from genre g1_0 where g1_0.id_genre=?
Hibernate: select i1_0.book_id,i1_0.id_image,i1_0.image,i1_0.name,i1_0.type from image i1_0 where i1_0.book_id=?
Hibernate: select i1_0.book_id,i1_0.id_image,i1_0.image,i1_0.name,i1_0.type from image i1_0 where i1_0.book_id=?
Hibernate: select i1_0.book_id,i1_0.id_image,i1_0.image,i1_0.name,i1_0.type from image i1_0 where i1_0.book_id=?
Hibernate: select i1_0.book_id,i1_0.id_image,i1_0.image,i1_0.name,i1_0.type from image i1_0 where i1_0.book_id=?
Hibernate: select i1_0.book_id,i1_0.id_image,i1_0.image,i1_0.name,i1_0.type from image i1_0 where i1_0.book_id=?
Hibernate: select i1_0.book_id,i1_0.id_image,i1_0.image,i1_0.name,i1_0.type from image i1_0 where i1_0.book_id=?
2026-05-15T09:04:00.379+01:00  WARN 11936 --- [l-1 housekeeper] com.zaxxer.hikari.pool.HikariPool        : HikariPool-1 - Thread starvation or clock leap detected (housekeeper delta=3m19s548ms964盜900ns).
Hibernate: select b1_0.id_book,b1_0.date_creation,g1_0.id_genre,g1_0.description_genre,g1_0.nom_genre,b1_0.image_path,b1_0.nom_book,b1_0.prix_book from book b1_0 left join genre g1_0 on g1_0.id_genre=b1_0.genre_id_genre where b1_0.id_book=?
Hibernate: select i1_0.book_id,i1_0.id_image,i1_0.image,i1_0.name,i1_0.type from image i1_0 where i1_0.book_id=?
Hibernate: select b1_0.id_book,b1_0.date_creation,b1_0.genre_id_genre,b1_0.image_path,b1_0.nom_book,b1_0.prix_book from book b1_0
Hibernate: select g1_0.id_genre,g1_0.description_genre,g1_0.nom_genre from genre g1_0 where g1_0.id_genre=?
Hibernate: select g1_0.id_genre,g1_0.description_genre,g1_0.nom_genre from genre g1_0 where g1_0.id_genre=?
Hibernate: select i1_0.book_id,i1_0.id_image,i1_0.image,i1_0.name,i1_0.type from image i1_0 where i1_0.book_id=?
Hibernate: select i1_0.book_id,i1_0.id_image,i1_0.image,i1_0.name,i1_0.type from image i1_0 where i1_0.book_id=?
Hibernate: select i1_0.book_id,i1_0.id_image,i1_0.image,i1_0.name,i1_0.type from image i1_0 where i1_0.book_id=?
Hibernate: select i1_0.book_id,i1_0.id_image,i1_0.image,i1_0.name,i1_0.type from image i1_0 where i1_0.book_id=?
Hibernate: select i1_0.book_id,i1_0.id_image,i1_0.image,i1_0.name,i1_0.type from image i1_0 where i1_0.book_id=?
Hibernate: select i1_0.book_id,i1_0.id_image,i1_0.image,i1_0.name,i1_0.type from image i1_0 where i1_0.book_id=?
2026-05-15T09:08:59.583+01:00  WARN 11936 --- [l-1 housekeeper] com.zaxxer.hikari.pool.HikariPool        : HikariPool-1 - Thread starvation or clock leap detected (housekeeper delta=58s883ms74盜900ns).
Hibernate: select b1_0.id_book,b1_0.date_creation,g1_0.id_genre,g1_0.description_genre,g1_0.nom_genre,b1_0.image_path,b1_0.nom_book,b1_0.prix_book from book b1_0 left join genre g1_0 on g1_0.id_genre=b1_0.genre_id_genre where b1_0.id_book=?
Hibernate: select i1_0.book_id,i1_0.id_image,i1_0.image,i1_0.name,i1_0.type from image i1_0 where i1_0.book_id=?
Hibernate: select b1_0.id_book,b1_0.date_creation,b1_0.genre_id_genre,b1_0.image_path,b1_0.nom_book,b1_0.prix_book from book b1_0
Hibernate: select g1_0.id_genre,g1_0.description_genre,g1_0.nom_genre from genre g1_0 where g1_0.id_genre=?
Hibernate: select g1_0.id_genre,g1_0.description_genre,g1_0.nom_genre from genre g1_0 where g1_0.id_genre=?
Hibernate: select i1_0.book_id,i1_0.id_image,i1_0.image,i1_0.name,i1_0.type from image i1_0 where i1_0.book_id=?
Hibernate: select i1_0.book_id,i1_0.id_image,i1_0.image,i1_0.name,i1_0.type from image i1_0 where i1_0.book_id=?
Hibernate: select i1_0.book_id,i1_0.id_image,i1_0.image,i1_0.name,i1_0.type from image i1_0 where i1_0.book_id=?
Hibernate: select i1_0.book_id,i1_0.id_image,i1_0.image,i1_0.name,i1_0.type from image i1_0 where i1_0.book_id=?
Hibernate: select i1_0.book_id,i1_0.id_image,i1_0.image,i1_0.name,i1_0.type from image i1_0 where i1_0.book_id=?
Hibernate: select i1_0.book_id,i1_0.id_image,i1_0.image,i1_0.name,i1_0.type from image i1_0 where i1_0.book_id=?
Hibernate: select b1_0.id_book,b1_0.date_creation,b1_0.genre_id_genre,b1_0.image_path,b1_0.nom_book,b1_0.prix_book from book b1_0
Hibernate: select g1_0.id_genre,g1_0.description_genre,g1_0.nom_genre from genre g1_0 where g1_0.id_genre=?
Hibernate: select g1_0.id_genre,g1_0.description_genre,g1_0.nom_genre from genre g1_0 where g1_0.id_genre=?
Hibernate: select i1_0.book_id,i1_0.id_image,i1_0.image,i1_0.name,i1_0.type from image i1_0 where i1_0.book_id=?
Hibernate: select i1_0.book_id,i1_0.id_image,i1_0.image,i1_0.name,i1_0.type from image i1_0 where i1_0.book_id=?
Hibernate: select i1_0.book_id,i1_0.id_image,i1_0.image,i1_0.name,i1_0.type from image i1_0 where i1_0.book_id=?
Hibernate: select i1_0.book_id,i1_0.id_image,i1_0.image,i1_0.name,i1_0.type from image i1_0 where i1_0.book_id=?
Hibernate: select i1_0.book_id,i1_0.id_image,i1_0.image,i1_0.name,i1_0.type from image i1_0 where i1_0.book_id=?
Hibernate: select i1_0.book_id,i1_0.id_image,i1_0.image,i1_0.name,i1_0.type from image i1_0 where i1_0.book_id=?
Hibernate: select b1_0.id_book,b1_0.date_creation,b1_0.genre_id_genre,b1_0.image_path,b1_0.nom_book,b1_0.prix_book from book b1_0
Hibernate: select g1_0.id_genre,g1_0.description_genre,g1_0.nom_genre from genre g1_0 where g1_0.id_genre=?
Hibernate: select g1_0.id_genre,g1_0.description_genre,g1_0.nom_genre from genre g1_0 where g1_0.id_genre=?
Hibernate: select i1_0.book_id,i1_0.id_image,i1_0.image,i1_0.name,i1_0.type from image i1_0 where i1_0.book_id=?
Hibernate: select i1_0.book_id,i1_0.id_image,i1_0.image,i1_0.name,i1_0.type from image i1_0 where i1_0.book_id=?
Hibernate: select i1_0.book_id,i1_0.id_image,i1_0.image,i1_0.name,i1_0.type from image i1_0 where i1_0.book_id=?
Hibernate: select i1_0.book_id,i1_0.id_image,i1_0.image,i1_0.name,i1_0.type from image i1_0 where i1_0.book_id=?
Hibernate: select i1_0.book_id,i1_0.id_image,i1_0.image,i1_0.name,i1_0.type from image i1_0 where i1_0.book_id=?
Hibernate: select i1_0.book_id,i1_0.id_image,i1_0.image,i1_0.name,i1_0.type from image i1_0 where i1_0.book_id=?
Hibernate: select g1_0.id_genre,g1_0.description_genre,g1_0.nom_genre from genre g1_0
Hibernate: select b1_0.id_book,b1_0.date_creation,g1_0.id_genre,g1_0.description_genre,g1_0.nom_genre,b1_0.image_path,b1_0.nom_book,b1_0.prix_book from book b1_0 left join genre g1_0 on g1_0.id_genre=b1_0.genre_id_genre where b1_0.id_book=?
Hibernate: select i1_0.book_id,i1_0.id_image,i1_0.image,i1_0.name,i1_0.type from image i1_0 where i1_0.book_id=?
Hibernate: select b1_0.id_book,b1_0.date_creation,g1_0.id_genre,g1_0.description_genre,g1_0.nom_genre,b1_0.image_path,b1_0.nom_book,b1_0.prix_book from book b1_0 left join genre g1_0 on g1_0.id_genre=b1_0.genre_id_genre where b1_0.id_book=?
Hibernate: select b1_0.id_book,b1_0.date_creation,g1_0.id_genre,g1_0.description_genre,g1_0.nom_genre,b1_0.image_path,b1_0.nom_book,b1_0.prix_book from book b1_0 left join genre g1_0 on g1_0.id_genre=b1_0.genre_id_genre where b1_0.id_book=?
Hibernate: select i1_0.book_id,i1_0.id_image,i1_0.image,i1_0.name,i1_0.type from image i1_0 where i1_0.book_id=?
Hibernate: select i1_0.book_id,i1_0.id_image,i1_0.image,i1_0.name,i1_0.type from image i1_0 where i1_0.book_id=?
Hibernate: update book set date_creation=?,genre_id_genre=?,image_path=?,nom_book=?,prix_book=? where id_book=?
Hibernate: update book set date_creation=?,genre_id_genre=?,image_path=?,nom_book=?,prix_book=? where id_book=?
Hibernate: select b1_0.id_book,b1_0.date_creation,b1_0.genre_id_genre,b1_0.image_path,b1_0.nom_book,b1_0.prix_book from book b1_0
Hibernate: select g1_0.id_genre,g1_0.description_genre,g1_0.nom_genre from genre g1_0 where g1_0.id_genre=?
Hibernate: select g1_0.id_genre,g1_0.description_genre,g1_0.nom_genre from genre g1_0 where g1_0.id_genre=?
Hibernate: select i1_0.book_id,i1_0.id_image,i1_0.image,i1_0.name,i1_0.type from image i1_0 where i1_0.book_id=?
Hibernate: select i1_0.book_id,i1_0.id_image,i1_0.image,i1_0.name,i1_0.type from image i1_0 where i1_0.book_id=?
Hibernate: select i1_0.book_id,i1_0.id_image,i1_0.image,i1_0.name,i1_0.type from image i1_0 where i1_0.book_id=?
Hibernate: select i1_0.book_id,i1_0.id_image,i1_0.image,i1_0.name,i1_0.type from image i1_0 where i1_0.book_id=?
Hibernate: select i1_0.book_id,i1_0.id_image,i1_0.image,i1_0.name,i1_0.type from image i1_0 where i1_0.book_id=?
Hibernate: select i1_0.book_id,i1_0.id_image,i1_0.image,i1_0.name,i1_0.type from image i1_0 where i1_0.book_id=?
Hibernate: select b1_0.id_book,b1_0.date_creation,g1_0.id_genre,g1_0.description_genre,g1_0.nom_genre,b1_0.image_path,b1_0.nom_book,b1_0.prix_book from book b1_0 left join genre g1_0 on g1_0.id_genre=b1_0.genre_id_genre where b1_0.id_book=?
Hibernate: select i1_0.book_id,i1_0.id_image,i1_0.image,i1_0.name,i1_0.type from image i1_0 where i1_0.book_id=?
Hibernate: select g1_0.id_genre,g1_0.description_genre,g1_0.nom_genre from genre g1_0
Hibernate: insert into image (book_id,image,name,type) values (?,?,?,?)
Hibernate: select b1_0.id_book,b1_0.date_creation,g1_0.id_genre,g1_0.description_genre,g1_0.nom_genre,b1_0.image_path,b1_0.nom_book,b1_0.prix_book from book b1_0 left join genre g1_0 on g1_0.id_genre=b1_0.genre_id_genre where b1_0.id_book=?
Hibernate: select i1_0.book_id,i1_0.id_image,i1_0.image,i1_0.name,i1_0.type from image i1_0 where i1_0.book_id=?
Hibernate: select b1_0.id_book,b1_0.date_creation,g1_0.id_genre,g1_0.description_genre,g1_0.nom_genre,b1_0.image_path,b1_0.nom_book,b1_0.prix_book from book b1_0 left join genre g1_0 on g1_0.id_genre=b1_0.genre_id_genre where b1_0.id_book=?
Hibernate: select i1_0.book_id,i1_0.id_image,i1_0.image,i1_0.name,i1_0.type from image i1_0 where i1_0.book_id=?
Hibernate: select b1_0.id_book,b1_0.date_creation,b1_0.genre_id_genre,b1_0.image_path,b1_0.nom_book,b1_0.prix_book from book b1_0
Hibernate: select g1_0.id_genre,g1_0.description_genre,g1_0.nom_genre from genre g1_0 where g1_0.id_genre=?
Hibernate: select g1_0.id_genre,g1_0.description_genre,g1_0.nom_genre from genre g1_0 where g1_0.id_genre=?
Hibernate: select i1_0.book_id,i1_0.id_image,i1_0.image,i1_0.name,i1_0.type from image i1_0 where i1_0.book_id=?
Hibernate: select i1_0.book_id,i1_0.id_image,i1_0.image,i1_0.name,i1_0.type from image i1_0 where i1_0.book_id=?
Hibernate: select i1_0.book_id,i1_0.id_image,i1_0.image,i1_0.name,i1_0.type from image i1_0 where i1_0.book_id=?
Hibernate: select i1_0.book_id,i1_0.id_image,i1_0.image,i1_0.name,i1_0.type from image i1_0 where i1_0.book_id=?
Hibernate: select i1_0.book_id,i1_0.id_image,i1_0.image,i1_0.name,i1_0.type from image i1_0 where i1_0.book_id=?
Hibernate: select i1_0.book_id,i1_0.id_image,i1_0.image,i1_0.name,i1_0.type from image i1_0 where i1_0.book_id=?
Hibernate: select b1_0.id_book,b1_0.date_creation,g1_0.id_genre,g1_0.description_genre,g1_0.nom_genre,b1_0.image_path,b1_0.nom_book,b1_0.prix_book from book b1_0 left join genre g1_0 on g1_0.id_genre=b1_0.genre_id_genre where b1_0.id_book=?
Hibernate: select i1_0.book_id,i1_0.id_image,i1_0.image,i1_0.name,i1_0.type from image i1_0 where i1_0.book_id=?
Hibernate: select g1_0.id_genre,g1_0.description_genre,g1_0.nom_genre from genre g1_0
Hibernate: select b1_0.id_book,b1_0.date_creation,g1_0.id_genre,g1_0.description_genre,g1_0.nom_genre,b1_0.image_path,b1_0.nom_book,b1_0.prix_book from book b1_0 left join genre g1_0 on g1_0.id_genre=b1_0.genre_id_genre where b1_0.id_book=?
Hibernate: select i1_0.book_id,i1_0.id_image,i1_0.image,i1_0.name,i1_0.type from image i1_0 where i1_0.book_id=?
Hibernate: select b1_0.id_book,b1_0.date_creation,g1_0.id_genre,g1_0.description_genre,g1_0.nom_genre,b1_0.image_path,b1_0.nom_book,b1_0.prix_book from book b1_0 left join genre g1_0 on g1_0.id_genre=b1_0.genre_id_genre where b1_0.id_book=?
Hibernate: select i1_0.book_id,i1_0.id_image,i1_0.image,i1_0.name,i1_0.type from image i1_0 where i1_0.book_id=?
Hibernate: select b1_0.id_book,b1_0.date_creation,b1_0.genre_id_genre,b1_0.image_path,b1_0.nom_book,b1_0.prix_book from book b1_0
Hibernate: select g1_0.id_genre,g1_0.description_genre,g1_0.nom_genre from genre g1_0 where g1_0.id_genre=?
Hibernate: select g1_0.id_genre,g1_0.description_genre,g1_0.nom_genre from genre g1_0 where g1_0.id_genre=?
Hibernate: select i1_0.book_id,i1_0.id_image,i1_0.image,i1_0.name,i1_0.type from image i1_0 where i1_0.book_id=?
Hibernate: select i1_0.book_id,i1_0.id_image,i1_0.image,i1_0.name,i1_0.type from image i1_0 where i1_0.book_id=?
Hibernate: select i1_0.book_id,i1_0.id_image,i1_0.image,i1_0.name,i1_0.type from image i1_0 where i1_0.book_id=?
Hibernate: select i1_0.book_id,i1_0.id_image,i1_0.image,i1_0.name,i1_0.type from image i1_0 where i1_0.book_id=?
Hibernate: select i1_0.book_id,i1_0.id_image,i1_0.image,i1_0.name,i1_0.type from image i1_0 where i1_0.book_id=?
Hibernate: select i1_0.book_id,i1_0.id_image,i1_0.image,i1_0.name,i1_0.type from image i1_0 where i1_0.book_id=?
Hibernate: select b1_0.id_book,b1_0.date_creation,g1_0.id_genre,g1_0.description_genre,g1_0.nom_genre,b1_0.image_path,b1_0.nom_book,b1_0.prix_book from book b1_0 left join genre g1_0 on g1_0.id_genre=b1_0.genre_id_genre where b1_0.id_book=?
Hibernate: select i1_0.book_id,i1_0.id_image,i1_0.image,i1_0.name,i1_0.type from image i1_0 where i1_0.book_id=?
Hibernate: select g1_0.id_genre,g1_0.description_genre,g1_0.nom_genre from genre g1_0
Hibernate: insert into image (book_id,image,name,type) values (?,?,?,?)
Hibernate: select b1_0.id_book,b1_0.date_creation,g1_0.id_genre,g1_0.description_genre,g1_0.nom_genre,b1_0.image_path,b1_0.nom_book,b1_0.prix_book from book b1_0 left join genre g1_0 on g1_0.id_genre=b1_0.genre_id_genre where b1_0.id_book=?
Hibernate: select i1_0.book_id,i1_0.id_image,i1_0.image,i1_0.name,i1_0.type from image i1_0 where i1_0.book_id=?
Hibernate: select b1_0.id_book,b1_0.date_creation,g1_0.id_genre,g1_0.description_genre,g1_0.nom_genre,b1_0.image_path,b1_0.nom_book,b1_0.prix_book from book b1_0 left join genre g1_0 on g1_0.id_genre=b1_0.genre_id_genre where b1_0.id_book=?
Hibernate: select i1_0.book_id,i1_0.id_image,i1_0.image,i1_0.name,i1_0.type from image i1_0 where i1_0.book_id=?
Hibernate: select b1_0.id_book,b1_0.date_creation,b1_0.genre_id_genre,b1_0.image_path,b1_0.nom_book,b1_0.prix_book from book b1_0
Hibernate: select g1_0.id_genre,g1_0.description_genre,g1_0.nom_genre from genre g1_0 where g1_0.id_genre=?
Hibernate: select g1_0.id_genre,g1_0.description_genre,g1_0.nom_genre from genre g1_0 where g1_0.id_genre=?
Hibernate: select i1_0.book_id,i1_0.id_image,i1_0.image,i1_0.name,i1_0.type from image i1_0 where i1_0.book_id=?
Hibernate: select i1_0.book_id,i1_0.id_image,i1_0.image,i1_0.name,i1_0.type from image i1_0 where i1_0.book_id=?
Hibernate: select i1_0.book_id,i1_0.id_image,i1_0.image,i1_0.name,i1_0.type from image i1_0 where i1_0.book_id=?
Hibernate: select i1_0.book_id,i1_0.id_image,i1_0.image,i1_0.name,i1_0.type from image i1_0 where i1_0.book_id=?
Hibernate: select i1_0.book_id,i1_0.id_image,i1_0.image,i1_0.name,i1_0.type from image i1_0 where i1_0.book_id=?
Hibernate: select i1_0.book_id,i1_0.id_image,i1_0.image,i1_0.name,i1_0.type from image i1_0 where i1_0.book_id=?
Hibernate: select b1_0.id_book,b1_0.date_creation,g1_0.id_genre,g1_0.description_genre,g1_0.nom_genre,b1_0.image_path,b1_0.nom_book,b1_0.prix_book from book b1_0 left join genre g1_0 on g1_0.id_genre=b1_0.genre_id_genre where b1_0.id_book=?
Hibernate: select g1_0.id_genre,g1_0.description_genre,g1_0.nom_genre from genre g1_0
Hibernate: select i1_0.book_id,i1_0.id_image,i1_0.image,i1_0.name,i1_0.type from image i1_0 where i1_0.book_id=?
Hibernate: select b1_0.id_book,b1_0.date_creation,b1_0.genre_id_genre,b1_0.image_path,b1_0.nom_book,b1_0.prix_book from book b1_0
Hibernate: select g1_0.id_genre,g1_0.description_genre,g1_0.nom_genre from genre g1_0 where g1_0.id_genre=?
Hibernate: select g1_0.id_genre,g1_0.description_genre,g1_0.nom_genre from genre g1_0 where g1_0.id_genre=?
Hibernate: select i1_0.book_id,i1_0.id_image,i1_0.image,i1_0.name,i1_0.type from image i1_0 where i1_0.book_id=?
Hibernate: select i1_0.book_id,i1_0.id_image,i1_0.image,i1_0.name,i1_0.type from image i1_0 where i1_0.book_id=?
Hibernate: select i1_0.book_id,i1_0.id_image,i1_0.image,i1_0.name,i1_0.type from image i1_0 where i1_0.book_id=?
Hibernate: select i1_0.book_id,i1_0.id_image,i1_0.image,i1_0.name,i1_0.type from image i1_0 where i1_0.book_id=?
Hibernate: select i1_0.book_id,i1_0.id_image,i1_0.image,i1_0.name,i1_0.type from image i1_0 where i1_0.book_id=?
Hibernate: select i1_0.book_id,i1_0.id_image,i1_0.image,i1_0.name,i1_0.type from image i1_0 where i1_0.book_id=?
2026-05-15T09:26:10.861+01:00  WARN 11936 --- [l-1 housekeeper] com.zaxxer.hikari.pool.HikariPool        : HikariPool-1 - Thread starvation or clock leap detected (housekeeper delta=3m10s465ms426盜900ns).
2026-05-15T11:22:41.602+01:00  WARN 11936 --- [l-1 housekeeper] com.zaxxer.hikari.pool.HikariPool        : HikariPool-1 - Thread starvation or clock leap detected (housekeeper delta=2m26s317ms755盜700ns).
2026-05-15T14:55:35.533+01:00  WARN 11936 --- [l-1 housekeeper] com.zaxxer.hikari.pool.HikariPool        : HikariPool-1 - Thread starvation or clock leap detected (housekeeper delta=3h12m23s219ms622盜).
2026-05-16T11:41:48.493+01:00  WARN 11936 --- [l-1 housekeeper] com.zaxxer.hikari.pool.HikariPool        : HikariPool-1 - Thread starvation or clock leap detected (housekeeper delta=20h46m22s681ms89盜900ns).
