
  .   ____          _            __ _ _
 /\\ / ___'_ __ _ _(_)_ __  __ _ \ \ \ \
( ( )\___ | '_ | '_| | '_ \/ _` | \ \ \ \
 \\/  ___)| |_)| | | | | || (_| |  ) ) ) )
  '  |____| .__|_| |_|_| |_\__, | / / / /
 =========|_|==============|___/=/_/_/_/
 :: Spring Boot ::                (v3.2.0)

2026-05-15T05:22:46.870+01:00  INFO 46740 --- [           main] c.n.users.UsersMicroserviceApplication   : Starting UsersMicroserviceApplication v0.0.1-SNAPSHOT using Java 17.0.12 with PID 46740 (C:\Users\nadin\Documents\New project\NadineBooks\users-microservice\target\users-microservice-0.0.1-SNAPSHOT.jar started by nadin in C:\Users\nadin\Documents\New project\NadineBooks\users-microservice)
2026-05-15T05:22:46.906+01:00  INFO 46740 --- [           main] c.n.users.UsersMicroserviceApplication   : No active profile set, falling back to 1 default profile: "default"
2026-05-15T05:22:49.958+01:00  INFO 46740 --- [           main] .s.d.r.c.RepositoryConfigurationDelegate : Bootstrapping Spring Data JPA repositories in DEFAULT mode.
2026-05-15T05:22:50.261+01:00  INFO 46740 --- [           main] .s.d.r.c.RepositoryConfigurationDelegate : Finished Spring Data repository scanning in 239 ms. Found 2 JPA repository interfaces.
2026-05-15T05:22:52.233+01:00  INFO 46740 --- [           main] o.s.b.w.embedded.tomcat.TomcatWebServer  : Tomcat initialized with port 8081 (http)
2026-05-15T05:22:52.284+01:00  INFO 46740 --- [           main] o.apache.catalina.core.StandardService   : Starting service [Tomcat]
2026-05-15T05:22:52.284+01:00  INFO 46740 --- [           main] o.apache.catalina.core.StandardEngine    : Starting Servlet engine: [Apache Tomcat/10.1.16]
2026-05-15T05:22:52.433+01:00  INFO 46740 --- [           main] o.a.c.c.C.[Tomcat].[localhost].[/users]  : Initializing Spring embedded WebApplicationContext
2026-05-15T05:22:52.450+01:00  INFO 46740 --- [           main] w.s.c.ServletWebServerApplicationContext : Root WebApplicationContext: initialization completed in 5192 ms
2026-05-15T05:22:53.684+01:00  INFO 46740 --- [           main] o.hibernate.jpa.internal.util.LogHelper  : HHH000204: Processing PersistenceUnitInfo [name: default]
2026-05-15T05:22:53.967+01:00  INFO 46740 --- [           main] org.hibernate.Version                    : HHH000412: Hibernate ORM core version 6.3.1.Final
2026-05-15T05:22:54.090+01:00  INFO 46740 --- [           main] o.h.c.internal.RegionFactoryInitiator    : HHH000026: Second-level cache disabled
2026-05-15T05:22:54.825+01:00  INFO 46740 --- [           main] o.s.o.j.p.SpringPersistenceUnitInfo      : No LoadTimeWeaver setup: ignoring JPA class transformer
2026-05-15T05:22:54.930+01:00  INFO 46740 --- [           main] com.zaxxer.hikari.HikariDataSource       : HikariPool-1 - Starting...
2026-05-15T05:22:55.518+01:00  INFO 46740 --- [           main] com.zaxxer.hikari.pool.HikariPool        : HikariPool-1 - Added connection com.mysql.cj.jdbc.ConnectionImpl@4c5da4f9
2026-05-15T05:22:55.536+01:00  INFO 46740 --- [           main] com.zaxxer.hikari.HikariDataSource       : HikariPool-1 - Start completed.
2026-05-15T05:22:57.951+01:00  INFO 46740 --- [           main] o.h.e.t.j.p.i.JtaPlatformInitiator       : HHH000489: No JTA platform available (set 'hibernate.transaction.jta.platform' to enable JTA platform integration)
2026-05-15T05:22:58.089+01:00  INFO 46740 --- [           main] j.LocalContainerEntityManagerFactoryBean : Initialized JPA EntityManagerFactory for persistence unit 'default'
Hibernate: select u1_0.user_id,u1_0.code_creation_date,u1_0.email,u1_0.enabled,u1_0.password,u1_0.username,u1_0.verification_code from user u1_0 where u1_0.username=?
Hibernate: select r1_0.user_user_id,r1_1.role_id,r1_1.role from users_roles r1_0 join role r1_1 on r1_1.role_id=r1_0.roles_role_id where r1_0.user_user_id=?
2026-05-15T05:23:00.173+01:00  WARN 46740 --- [           main] JpaBaseConfiguration$JpaWebConfiguration : spring.jpa.open-in-view is enabled by default. Therefore, database queries may be performed during view rendering. Explicitly configure spring.jpa.open-in-view to disable this warning
2026-05-15T05:23:01.650+01:00  INFO 46740 --- [           main] o.s.s.web.DefaultSecurityFilterChain     : Will secure any request with [org.springframework.security.web.session.DisableEncodeUrlFilter@22942eff, org.springframework.security.web.context.request.async.WebAsyncManagerIntegrationFilter@26bbbe9e, org.springframework.security.web.context.SecurityContextHolderFilter@72c29d87, org.springframework.security.web.header.HeaderWriterFilter@5134a7d6, org.springframework.web.filter.CorsFilter@2ebd6a0d, org.springframework.security.web.authentication.logout.LogoutFilter@6b8cdc4, com.nadine.users.security.JWTAuthenticationFilter@714d7c7b, org.springframework.security.web.savedrequest.RequestCacheAwareFilter@20e9b10b, org.springframework.security.web.servletapi.SecurityContextHolderAwareRequestFilter@2c485b3a, org.springframework.security.web.authentication.AnonymousAuthenticationFilter@72ad577b, org.springframework.security.web.session.SessionManagementFilter@72851503, org.springframework.security.web.access.ExceptionTranslationFilter@5f32de90, org.springframework.security.web.access.intercept.AuthorizationFilter@3e574f9c]
2026-05-15T05:23:03.004+01:00  INFO 46740 --- [           main] o.s.b.w.embedded.tomcat.TomcatWebServer  : Tomcat started on port 8081 (http) with context path '/users'
2026-05-15T05:23:03.099+01:00  INFO 46740 --- [           main] c.n.users.UsersMicroserviceApplication   : Started UsersMicroserviceApplication in 17.776 seconds (process running for 20.175)
2026-05-15T05:23:28.977+01:00  INFO 46740 --- [nio-8081-exec-1] o.a.c.c.C.[Tomcat].[localhost].[/users]  : Initializing Spring DispatcherServlet 'dispatcherServlet'
2026-05-15T05:23:28.983+01:00  INFO 46740 --- [nio-8081-exec-1] o.s.web.servlet.DispatcherServlet        : Initializing Servlet 'dispatcherServlet'
2026-05-15T05:23:28.993+01:00  INFO 46740 --- [nio-8081-exec-1] o.s.web.servlet.DispatcherServlet        : Completed initialization in 8 ms
Hibernate: select u1_0.user_id,u1_0.code_creation_date,u1_0.email,u1_0.enabled,u1_0.password,u1_0.username,u1_0.verification_code from user u1_0 where u1_0.username=?
Hibernate: select r1_0.user_user_id,r1_1.role_id,r1_1.role from users_roles r1_0 join role r1_1 on r1_1.role_id=r1_0.roles_role_id where r1_0.user_user_id=?
2026-05-15T05:23:31.119+01:00  WARN 46740 --- [nio-8081-exec-3] o.s.w.s.h.HandlerMappingIntrospector     : Cache miss for REQUEST dispatch to '/users/register' (previous null). Performing MatchableHandlerMapping lookup. This is logged once only at WARN level, and every time at TRACE.
2026-05-15T05:23:31.321+01:00  WARN 46740 --- [nio-8081-exec-3] .w.s.m.s.DefaultHandlerExceptionResolver : Resolved [org.springframework.http.converter.HttpMessageNotReadableException: JSON parse error: Unexpected character ('\' (code 92)): was expecting double-quote to start field name]
Hibernate: select u1_0.user_id,u1_0.code_creation_date,u1_0.email,u1_0.enabled,u1_0.password,u1_0.username,u1_0.verification_code from user u1_0 where u1_0.email=?
Hibernate: select r1_0.role_id,r1_0.role from role r1_0 where r1_0.role=?
Hibernate: insert into user (code_creation_date,email,enabled,password,username,verification_code) values (?,?,?,?,?,?)
2026-05-15T05:24:05.566+01:00  WARN 46740 --- [nio-8081-exec-4] c.nadine.users.service.UserServiceImpl   : Verification email was not sent. Use this code manually for codexreg3@example.com: fe212e58-0005-4068-98fc-5f7200a6aa33
Hibernate: insert into users_roles (user_user_id,roles_role_id) values (?,?)
Hibernate: select u1_0.user_id,u1_0.code_creation_date,u1_0.email,u1_0.enabled,u1_0.password,u1_0.username,u1_0.verification_code from user u1_0 where u1_0.username=?
Hibernate: select u1_0.user_id,u1_0.code_creation_date,u1_0.email,u1_0.enabled,u1_0.password,u1_0.username,u1_0.verification_code from user u1_0 where u1_0.username=?
Hibernate: select r1_0.user_user_id,r1_1.role_id,r1_1.role from users_roles r1_0 join role r1_1 on r1_1.role_id=r1_0.roles_role_id where r1_0.user_user_id=?
Hibernate: select u1_0.user_id,u1_0.code_creation_date,u1_0.email,u1_0.enabled,u1_0.password,u1_0.username,u1_0.verification_code from user u1_0 where u1_0.username=?
Hibernate: select r1_0.user_user_id,r1_1.role_id,r1_1.role from users_roles r1_0 join role r1_1 on r1_1.role_id=r1_0.roles_role_id where r1_0.user_user_id=?
2026-05-15T07:22:15.102+01:00  WARN 46740 --- [l-1 housekeeper] com.zaxxer.hikari.pool.HikariPool        : HikariPool-1 - Thread starvation or clock leap detected (housekeeper delta=1h43m29s608ms277盜900ns).
2026-05-15T08:44:48.577+01:00  WARN 46740 --- [l-1 housekeeper] com.zaxxer.hikari.pool.HikariPool        : HikariPool-1 - Thread starvation or clock leap detected (housekeeper delta=1h15m32s186ms493盜300ns).
2026-05-15T09:04:11.147+01:00  WARN 46740 --- [l-1 housekeeper] com.zaxxer.hikari.pool.HikariPool        : HikariPool-1 - Thread starvation or clock leap detected (housekeeper delta=3m19s449ms259盜900ns).
2026-05-15T09:09:10.464+01:00  WARN 46740 --- [l-1 housekeeper] com.zaxxer.hikari.pool.HikariPool        : HikariPool-1 - Thread starvation or clock leap detected (housekeeper delta=58s888ms532盜300ns).
Hibernate: select u1_0.user_id,u1_0.code_creation_date,u1_0.email,u1_0.enabled,u1_0.password,u1_0.username,u1_0.verification_code from user u1_0 where u1_0.username=?
Hibernate: select r1_0.user_user_id,r1_1.role_id,r1_1.role from users_roles r1_0 join role r1_1 on r1_1.role_id=r1_0.roles_role_id where r1_0.user_user_id=?
Hibernate: select u1_0.user_id,u1_0.code_creation_date,u1_0.email,u1_0.enabled,u1_0.password,u1_0.username,u1_0.verification_code from user u1_0 where u1_0.username=?
Hibernate: select r1_0.user_user_id,r1_1.role_id,r1_1.role from users_roles r1_0 join role r1_1 on r1_1.role_id=r1_0.roles_role_id where r1_0.user_user_id=?
Hibernate: select u1_0.user_id,u1_0.code_creation_date,u1_0.email,u1_0.enabled,u1_0.password,u1_0.username,u1_0.verification_code from user u1_0 where u1_0.username=?
Hibernate: select r1_0.user_user_id,r1_1.role_id,r1_1.role from users_roles r1_0 join role r1_1 on r1_1.role_id=r1_0.roles_role_id where r1_0.user_user_id=?
2026-05-15T09:24:20.718+01:00  WARN 46740 --- [l-1 housekeeper] com.zaxxer.hikari.pool.HikariPool        : HikariPool-1 - Thread starvation or clock leap detected (housekeeper delta=1m39s142ms900盜).
2026-05-15T09:26:22.086+01:00  WARN 46740 --- [l-1 housekeeper] com.zaxxer.hikari.pool.HikariPool        : HikariPool-1 - Thread starvation or clock leap detected (housekeeper delta=2m1s368ms800盜800ns).
2026-05-15T11:22:52.814+01:00  WARN 46740 --- [l-1 housekeeper] com.zaxxer.hikari.pool.HikariPool        : HikariPool-1 - Thread starvation or clock leap detected (housekeeper delta=2m26s305ms131盜400ns).
2026-05-16T11:41:30.462+01:00  WARN 46740 --- [l-1 housekeeper] com.zaxxer.hikari.pool.HikariPool        : HikariPool-1 - Thread starvation or clock leap detected (housekeeper delta=23h58m15s757ms319盜800ns).
