[INFO] Scanning for projects...
[INFO] 
[INFO] -------------------< com.nadine:users-microservice >--------------------
[INFO] Building users-microservice 0.0.1-SNAPSHOT
[INFO]   from pom.xml
[INFO] --------------------------------[ jar ]---------------------------------
[INFO] 
[INFO] >>> spring-boot:3.2.0:run (default-cli) > test-compile @ users-microservice >>>
[INFO] 
[INFO] --- resources:3.3.1:resources (default-resources) @ users-microservice ---
[INFO] Copying 1 resource from src\main\resources to target\classes
[INFO] Copying 0 resource from src\main\resources to target\classes
[INFO] 
[INFO] --- compiler:3.11.0:compile (default-compile) @ users-microservice ---
[INFO] Nothing to compile - all classes are up to date
[INFO] 
[INFO] --- resources:3.3.1:testResources (default-testResources) @ users-microservice ---
[INFO] skip non existing resourceDirectory C:\Users\nadin\Documents\New project\NadineBooks\users-microservice\src\test\resources
[INFO] 
[INFO] --- compiler:3.11.0:testCompile (default-testCompile) @ users-microservice ---
[INFO] No sources to compile
[INFO] 
[INFO] <<< spring-boot:3.2.0:run (default-cli) < test-compile @ users-microservice <<<
[INFO] 
[INFO] 
[INFO] --- spring-boot:3.2.0:run (default-cli) @ users-microservice ---
[INFO] Attaching agents: []

  .   ____          _            __ _ _
 /\\ / ___'_ __ _ _(_)_ __  __ _ \ \ \ \
( ( )\___ | '_ | '_| | '_ \/ _` | \ \ \ \
 \\/  ___)| |_)| | | | | || (_| |  ) ) ) )
  '  |____| .__|_| |_|_| |_\__, | / / / /
 =========|_|==============|___/=/_/_/_/
 :: Spring Boot ::                (v3.2.0)

2026-05-14T18:24:48.148+01:00  INFO 21652 --- [           main] c.n.users.UsersMicroserviceApplication   : Starting UsersMicroserviceApplication using Java 17.0.12 with PID 21652 (C:\Users\nadin\Documents\New project\NadineBooks\users-microservice\target\classes started by nadin in C:\Users\nadin\Documents\New project\NadineBooks\users-microservice)
2026-05-14T18:24:48.160+01:00  INFO 21652 --- [           main] c.n.users.UsersMicroserviceApplication   : No active profile set, falling back to 1 default profile: "default"
2026-05-14T18:24:49.030+01:00  INFO 21652 --- [           main] .s.d.r.c.RepositoryConfigurationDelegate : Bootstrapping Spring Data JPA repositories in DEFAULT mode.
2026-05-14T18:24:49.093+01:00  INFO 21652 --- [           main] .s.d.r.c.RepositoryConfigurationDelegate : Finished Spring Data repository scanning in 55 ms. Found 2 JPA repository interfaces.
2026-05-14T18:24:49.761+01:00  INFO 21652 --- [           main] o.s.b.w.embedded.tomcat.TomcatWebServer  : Tomcat initialized with port 8081 (http)
2026-05-14T18:24:49.776+01:00  INFO 21652 --- [           main] o.apache.catalina.core.StandardService   : Starting service [Tomcat]
2026-05-14T18:24:49.776+01:00  INFO 21652 --- [           main] o.apache.catalina.core.StandardEngine    : Starting Servlet engine: [Apache Tomcat/10.1.16]
2026-05-14T18:24:49.849+01:00  INFO 21652 --- [           main] o.a.c.c.C.[Tomcat].[localhost].[/users]  : Initializing Spring embedded WebApplicationContext
2026-05-14T18:24:49.849+01:00  INFO 21652 --- [           main] w.s.c.ServletWebServerApplicationContext : Root WebApplicationContext: initialization completed in 1623 ms
2026-05-14T18:24:50.026+01:00  INFO 21652 --- [           main] o.hibernate.jpa.internal.util.LogHelper  : HHH000204: Processing PersistenceUnitInfo [name: default]
2026-05-14T18:24:50.088+01:00  INFO 21652 --- [           main] org.hibernate.Version                    : HHH000412: Hibernate ORM core version 6.3.1.Final
2026-05-14T18:24:50.131+01:00  INFO 21652 --- [           main] o.h.c.internal.RegionFactoryInitiator    : HHH000026: Second-level cache disabled
2026-05-14T18:24:50.343+01:00  INFO 21652 --- [           main] o.s.o.j.p.SpringPersistenceUnitInfo      : No LoadTimeWeaver setup: ignoring JPA class transformer
2026-05-14T18:24:50.372+01:00  INFO 21652 --- [           main] com.zaxxer.hikari.HikariDataSource       : HikariPool-1 - Starting...
2026-05-14T18:24:50.530+01:00  INFO 21652 --- [           main] com.zaxxer.hikari.pool.HikariPool        : HikariPool-1 - Added connection com.mysql.cj.jdbc.ConnectionImpl@6734ff92
2026-05-14T18:24:50.534+01:00  INFO 21652 --- [           main] com.zaxxer.hikari.HikariDataSource       : HikariPool-1 - Start completed.
2026-05-14T18:24:51.626+01:00  INFO 21652 --- [           main] o.h.e.t.j.p.i.JtaPlatformInitiator       : HHH000489: No JTA platform available (set 'hibernate.transaction.jta.platform' to enable JTA platform integration)
2026-05-14T18:24:51.743+01:00  INFO 21652 --- [           main] j.LocalContainerEntityManagerFactoryBean : Initialized JPA EntityManagerFactory for persistence unit 'default'
Hibernate: select u1_0.user_id,u1_0.code_creation_date,u1_0.email,u1_0.enabled,u1_0.password,u1_0.username,u1_0.verification_code from user u1_0 where u1_0.username=?
Hibernate: select r1_0.user_user_id,r1_1.role_id,r1_1.role from users_roles r1_0 join role r1_1 on r1_1.role_id=r1_0.roles_role_id where r1_0.user_user_id=?
2026-05-14T18:24:52.972+01:00  WARN 21652 --- [           main] JpaBaseConfiguration$JpaWebConfiguration : spring.jpa.open-in-view is enabled by default. Therefore, database queries may be performed during view rendering. Explicitly configure spring.jpa.open-in-view to disable this warning
2026-05-14T18:24:53.379+01:00  INFO 21652 --- [           main] o.s.s.web.DefaultSecurityFilterChain     : Will secure any request with [org.springframework.security.web.session.DisableEncodeUrlFilter@a2ca681, org.springframework.security.web.context.request.async.WebAsyncManagerIntegrationFilter@784c74e, org.springframework.security.web.context.SecurityContextHolderFilter@49994a4, org.springframework.security.web.header.HeaderWriterFilter@4bba2704, org.springframework.web.filter.CorsFilter@5fee3c9c, org.springframework.security.web.authentication.logout.LogoutFilter@c3836b6, com.nadine.users.security.JWTAuthenticationFilter@7e577eed, org.springframework.security.web.savedrequest.RequestCacheAwareFilter@3df54fd5, org.springframework.security.web.servletapi.SecurityContextHolderAwareRequestFilter@5ff8d76f, org.springframework.security.web.authentication.AnonymousAuthenticationFilter@11a0c708, org.springframework.security.web.session.SessionManagementFilter@39179470, org.springframework.security.web.access.ExceptionTranslationFilter@344acc03, org.springframework.security.web.access.intercept.AuthorizationFilter@74cf2d5f]
2026-05-14T18:24:53.683+01:00  INFO 21652 --- [           main] o.s.b.w.embedded.tomcat.TomcatWebServer  : Tomcat started on port 8081 (http) with context path '/users'
2026-05-14T18:24:53.694+01:00  INFO 21652 --- [           main] c.n.users.UsersMicroserviceApplication   : Started UsersMicroserviceApplication in 6.0 seconds (process running for 6.512)
2026-05-14T18:25:29.161+01:00  INFO 21652 --- [nio-8081-exec-1] o.a.c.c.C.[Tomcat].[localhost].[/users]  : Initializing Spring DispatcherServlet 'dispatcherServlet'
2026-05-14T18:25:29.161+01:00  INFO 21652 --- [nio-8081-exec-1] o.s.web.servlet.DispatcherServlet        : Initializing Servlet 'dispatcherServlet'
2026-05-14T18:25:29.161+01:00  INFO 21652 --- [nio-8081-exec-1] o.s.web.servlet.DispatcherServlet        : Completed initialization in 0 ms
Hibernate: select u1_0.user_id,u1_0.code_creation_date,u1_0.email,u1_0.enabled,u1_0.password,u1_0.username,u1_0.verification_code from user u1_0 where u1_0.username=?
Hibernate: select r1_0.user_user_id,r1_1.role_id,r1_1.role from users_roles r1_0 join role r1_1 on r1_1.role_id=r1_0.roles_role_id where r1_0.user_user_id=?
Hibernate: select u1_0.user_id,u1_0.code_creation_date,u1_0.email,u1_0.enabled,u1_0.password,u1_0.username,u1_0.verification_code from user u1_0 where u1_0.username=?
Hibernate: select r1_0.user_user_id,r1_1.role_id,r1_1.role from users_roles r1_0 join role r1_1 on r1_1.role_id=r1_0.roles_role_id where r1_0.user_user_id=?
Hibernate: select u1_0.user_id,u1_0.code_creation_date,u1_0.email,u1_0.enabled,u1_0.password,u1_0.username,u1_0.verification_code from user u1_0 where u1_0.username=?
Hibernate: select r1_0.user_user_id,r1_1.role_id,r1_1.role from users_roles r1_0 join role r1_1 on r1_1.role_id=r1_0.roles_role_id where r1_0.user_user_id=?
Hibernate: select u1_0.user_id,u1_0.code_creation_date,u1_0.email,u1_0.enabled,u1_0.password,u1_0.username,u1_0.verification_code from user u1_0 where u1_0.username=?
Hibernate: select r1_0.user_user_id,r1_1.role_id,r1_1.role from users_roles r1_0 join role r1_1 on r1_1.role_id=r1_0.roles_role_id where r1_0.user_user_id=?
Hibernate: select u1_0.user_id,u1_0.code_creation_date,u1_0.email,u1_0.enabled,u1_0.password,u1_0.username,u1_0.verification_code from user u1_0 where u1_0.username=?
Hibernate: select r1_0.user_user_id,r1_1.role_id,r1_1.role from users_roles r1_0 join role r1_1 on r1_1.role_id=r1_0.roles_role_id where r1_0.user_user_id=?
[INFO] ------------------------------------------------------------------------
[INFO] BUILD FAILURE
[INFO] ------------------------------------------------------------------------
[INFO] Total time:  03:10 min
[INFO] Finished at: 2026-05-14T18:27:54+01:00
[INFO] ------------------------------------------------------------------------
[ERROR] Failed to execute goal org.springframework.boot:spring-boot-maven-plugin:3.2.0:run (default-cli) on project users-microservice: Process terminated with exit code: -1 -> [Help 1]
[ERROR] 
[ERROR] To see the full stack trace of the errors, re-run Maven with the -e switch.
[ERROR] Re-run Maven using the -X switch to enable full debug logging.
[ERROR] 
[ERROR] For more information about the errors and possible solutions, please read the following articles:
[ERROR] [Help 1] http://cwiki.apache.org/confluence/display/MAVEN/MojoExecutionException
